<?xml version="1.0" encoding="UTF-8"?>
<!-- Generated by org.testng.reporters.JUnitXMLReporter -->
<testsuite hostname="DKD" name="Test" tests="2" failures="0" timestamp="9 Sep 2018 07:45:16 GMT" time="0.014" errors="0">
  <testcase name="@BeforeSuite setup" time="0.0" classname="com.ClearTrip_codingRound_Asmit.HotelBookingTest">
    <failure type="org.testng.TestNGException" message="
Method setup requires 1 parameters but 0 were supplied in the @Configuration annotation.">
      <![CDATA[org.testng.TestNGException: 
Method setup requires 1 parameters but 0 were supplied in the @Configuration annotation.
	at org.apache.maven.surefire.testng.TestNGExecutor.run(TestNGExecutor.java:295)
	at org.apache.maven.surefire.testng.TestNGXmlTestSuite.execute(TestNGXmlTestSuite.java:84)
	at org.apache.maven.surefire.testng.TestNGProvider.invoke(TestNGProvider.java:90)
	at org.apache.maven.surefire.booter.ForkedBooter.invokeProviderInSameClassLoader(ForkedBooter.java:203)
	at org.apache.maven.surefire.booter.ForkedBooter.runSuitesInProcess(ForkedBooter.java:155)
	at org.apache.maven.surefire.booter.ForkedBooter.main(ForkedBooter.java:103)
... Removed 13 stack frames]]>
    </failure>
  </testcase> <!-- @BeforeSuite setup -->
  <testcase name="@BeforeTest loadUrl" time="0.0" classname="com.ClearTrip_codingRound_Asmit.HotelBookingTest">
    <skipped/>
  </testcase> <!-- @BeforeTest loadUrl -->
  <testcase name="signIn" time="0.005" classname="com.ClearTrip_codingRound_Asmit.SignInTest">
    <skipped/>
  </testcase> <!-- signIn -->
  <testcase name="hotelBooking" time="0.001" classname="com.ClearTrip_codingRound_Asmit.HotelBookingTest">
    <skipped/>
  </testcase> <!-- hotelBooking -->
</testsuite> <!-- Test -->
